<?xml version="1.0" encoding="UTF-8"?>
<testng-results skipped="0" failed="0" ignored="0" total="0" passed="0">
  <reporter-output>
  </reporter-output>
  <suite name="Default suite" duration-ms="330" started-at="2019-09-16T20:18:05Z" finished-at="2019-09-16T20:18:05Z">
    <groups>
      <group name="cucumber">
        <method signature="AbstractTestNGCucumberTests.feature(cucumber.api.testng.CucumberFeatureWrapper)[pri:0, instance:com.TestRunner.TestRunner@6a4f787b]" name="feature" class="cucumber.api.testng.AbstractTestNGCucumberTests"/>
      </group> <!-- cucumber -->
    </groups>
    <test name="Default test" duration-ms="330" started-at="2019-09-16T20:18:05Z" finished-at="2019-09-16T20:18:05Z">
      <class name="com.TestRunner.TestRunner">
        <test-method status="PASS" signature="setUpClass()[pri:0, instance:com.TestRunner.TestRunner@6a4f787b]" name="setUpClass" is-config="true" duration-ms="290" started-at="2019-09-16T20:18:05Z" finished-at="2019-09-16T20:18:05Z">
          <reporter-output>
          </reporter-output>
        </test-method> <!-- setUpClass -->
        <test-method status="PASS" signature="tearDownClass()[pri:0, instance:com.TestRunner.TestRunner@6a4f787b]" name="tearDownClass" is-config="true" duration-ms="16" started-at="2019-09-16T20:18:05Z" finished-at="2019-09-16T20:18:05Z">
          <reporter-output>
          </reporter-output>
        </test-method> <!-- tearDownClass -->
      </class> <!-- com.TestRunner.TestRunner -->
    </test> <!-- Default test -->
  </suite> <!-- Default suite -->
</testng-results>
